app/build/intermediates/proguard-rules/release/aapt_rules.txt
# view AndroidManifest.xml #generated:41
-keep class com.iazasoft.footguy.FootHelp { <init>(...); }

# view AndroidManifest.xml #generated:14
-keep class com.iazasoft.footguy.Footguy { <init>(...); }

# view AndroidManifest.xml #generated:30
-keep class com.iazasoft.footguy.Footguy$UpdateService { <init>(...); }

# view AndroidManifest.xml #generated:40
-keep class com.iazasoft.footguy.Prefs { <init>(...); }

# view AndroidManifest.xml #generated:34
-keep class com.iazasoft.footguy.ScreenListenerService { <init>(...); }

# view AndroidManifest.xml #generated:33
-keep class com.iazasoft.footguy.TapService { <init>(...); }