app/build/outputs/mapping/release/usage.txt
com.iazasoft.footguy.BuildConfig
com.iazasoft.footguy.Footguy:
    private static final java.lang.String LOG_TAG
    static android.os.Handler mHandler
    private java.lang.Runnable xTask
    232:235:private android.app.PendingIntent createClockTickIntent(android.content.Context)
com.iazasoft.footguy.R
com.iazasoft.footguy.R$array
com.iazasoft.footguy.R$attr
com.iazasoft.footguy.R$color
com.iazasoft.footguy.R$dimen
com.iazasoft.footguy.R$drawable
com.iazasoft.footguy.R$id
com.iazasoft.footguy.R$layout
com.iazasoft.footguy.R$string
com.iazasoft.footguy.R$xml